[debug] [2020-08-28T09:30:14.215Z] ----------------------------------------------------------------------
[debug] [2020-08-28T09:30:14.239Z] Command:       C:\Program Files\nodejs\node.exe C:\Users\PUTHALAPATTU JAYANTH\AppData\Roaming\npm\node_modules\firebase-tools\lib\bin\firebase.js init
[debug] [2020-08-28T09:30:14.240Z] CLI Version:   8.9.0
[debug] [2020-08-28T09:30:14.240Z] Platform:      win32
[debug] [2020-08-28T09:30:14.240Z] Node Version:  v10.16.3
[debug] [2020-08-28T09:30:14.330Z] Time:          Fri Aug 28 2020 15:00:14 GMT+0530 (India Standard Time)
[debug] [2020-08-28T09:30:14.330Z] ----------------------------------------------------------------------
[debug] [2020-08-28T09:30:14.330Z] 
[debug] [2020-08-28T09:30:14.445Z] > command requires scopes: ["email","openid","https://www.googleapis.com/auth/cloudplatformprojects.readonly","https://www.googleapis.com/auth/firebase","https://www.googleapis.com/auth/cloud-platform"]
[debug] [2020-08-28T09:30:14.446Z] > authorizing via signed-in user
[info] 
     ######## #### ########  ######## ########     ###     ######  ########
     ##        ##  ##     ## ##       ##     ##  ##   ##  ##       ##
     ######    ##  ########  ######   ########  #########  ######  ######
     ##        ##  ##    ##  ##       ##     ## ##     ##       ## ##
     ##       #### ##     ## ######## ########  ##     ##  ######  ########

You're about to initialize a Firebase project in this directory:

  C:\Users\PUTHALAPATTU JAYANTH\Desktop\New folder (3)\my-app

Before we get started, keep in mind:

  * You are initializing in an existing Firebase project directory

